2021.01.13 16:56:52 INFO  es[][o.e.e.NodeEnvironment] using [1] data paths, mounts [[/opt/sonarqube/data (C:\)]], net usable_space [108.6gb], net total_space [237.2gb], types [9p]
2021.01.13 16:56:52 INFO  es[][o.e.e.NodeEnvironment] heap size [494.9mb], compressed ordinary object pointers [true]
2021.01.13 16:56:52 INFO  es[][o.e.n.Node] node name [sonarqube], node ID [eXNZnoEwSxqsP_UGLIuj4Q]
2021.01.13 16:56:52 INFO  es[][o.e.n.Node] version[6.8.0], pid[29], build[default/tar/65b6179/2019-05-15T20:06:13.172855Z], OS[Linux/4.19.128-microsoft-standard/amd64], JVM[Oracle Corporation/OpenJDK 64-Bit Server VM/11.0.9.1/11.0.9.1+1]
2021.01.13 16:56:52 INFO  es[][o.e.n.Node] JVM arguments [-XX:+UseConcMarkSweepGC, -XX:CMSInitiatingOccupancyFraction=75, -XX:+UseCMSInitiatingOccupancyOnly, -Des.networkaddress.cache.ttl=60, -Des.networkaddress.cache.negative.ttl=10, -XX:+AlwaysPreTouch, -Xss1m, -Djava.awt.headless=true, -Dfile.encoding=UTF-8, -Djna.nosys=true, -XX:-OmitStackTraceInFastThrow, -Dio.netty.noUnsafe=true, -Dio.netty.noKeySetOptimization=true, -Dio.netty.recycler.maxCapacityPerThread=0, -Dlog4j.shutdownHookEnabled=false, -Dlog4j2.disable.jmx=true, -Djava.io.tmpdir=/opt/sonarqube/temp, -XX:ErrorFile=../logs/es_hs_err_pid%p.log, -Xms512m, -Xmx512m, -XX:+HeapDumpOnOutOfMemoryError, -Des.path.home=/opt/sonarqube/elasticsearch, -Des.path.conf=/opt/sonarqube/temp/conf/es, -Des.distribution.flavor=default, -Des.distribution.type=tar]
2021.01.13 16:56:53 INFO  es[][o.e.p.PluginsService] loaded module [analysis-common]
2021.01.13 16:56:53 INFO  es[][o.e.p.PluginsService] loaded module [lang-painless]
2021.01.13 16:56:53 INFO  es[][o.e.p.PluginsService] loaded module [mapper-extras]
2021.01.13 16:56:53 INFO  es[][o.e.p.PluginsService] loaded module [parent-join]
2021.01.13 16:56:53 INFO  es[][o.e.p.PluginsService] loaded module [percolator]
2021.01.13 16:56:53 INFO  es[][o.e.p.PluginsService] loaded module [reindex]
2021.01.13 16:56:53 INFO  es[][o.e.p.PluginsService] loaded module [repository-url]
2021.01.13 16:56:53 INFO  es[][o.e.p.PluginsService] loaded module [transport-netty4]
2021.01.13 16:56:53 INFO  es[][o.e.p.PluginsService] no plugins loaded
2021.01.13 16:56:56 WARN  es[][o.e.d.c.s.Settings] [http.enabled] setting was deprecated in Elasticsearch and will be removed in a future release! See the breaking changes documentation for the next major version.
2021.01.13 16:56:57 INFO  es[][o.e.d.DiscoveryModule] using discovery type [zen] and host providers [settings]
2021.01.13 16:56:58 INFO  es[][o.e.n.Node] initialized
2021.01.13 16:56:58 INFO  es[][o.e.n.Node] starting ...
2021.01.13 16:56:58 INFO  es[][o.e.t.TransportService] publish_address {127.0.0.1:9001}, bound_addresses {127.0.0.1:9001}
2021.01.13 16:56:58 WARN  es[][o.e.b.BootstrapChecks] max virtual memory areas vm.max_map_count [65530] is too low, increase to at least [262144]
2021.01.13 16:57:01 INFO  es[][o.e.c.s.MasterService] zen-disco-elected-as-master ([0] nodes joined), reason: new_master {sonarqube}{eXNZnoEwSxqsP_UGLIuj4Q}{s3FfHZ3FTWSeLSSTCGO31A}{127.0.0.1}{127.0.0.1:9001}{rack_id=sonarqube}
2021.01.13 16:57:01 INFO  es[][o.e.c.s.ClusterApplierService] new_master {sonarqube}{eXNZnoEwSxqsP_UGLIuj4Q}{s3FfHZ3FTWSeLSSTCGO31A}{127.0.0.1}{127.0.0.1:9001}{rack_id=sonarqube}, reason: apply cluster state (from master [master {sonarqube}{eXNZnoEwSxqsP_UGLIuj4Q}{s3FfHZ3FTWSeLSSTCGO31A}{127.0.0.1}{127.0.0.1:9001}{rack_id=sonarqube} committed version [1] source [zen-disco-elected-as-master ([0] nodes joined)]])
2021.01.13 16:57:01 INFO  es[][o.e.n.Node] started
2021.01.13 16:57:01 INFO  es[][o.e.g.GatewayService] recovered [0] indices into cluster_state
2021.01.13 16:57:14 INFO  es[][o.e.c.m.MetaDataCreateIndexService] [metadatas] creating index, cause [api], templates [], shards [1]/[0], mappings []
2021.01.13 16:57:15 INFO  es[][o.e.c.r.a.AllocationService] Cluster health status changed from [YELLOW] to [GREEN] (reason: [shards started [[metadatas][0]] ...]).
2021.01.13 16:57:15 INFO  es[][o.e.c.m.MetaDataMappingService] [metadatas/4Ccn4abZRh2UQZyoWkbhqA] create_mapping [metadata]
2021.01.13 16:57:16 INFO  es[][o.e.c.m.MetaDataCreateIndexService] [components] creating index, cause [api], templates [], shards [5]/[0], mappings []
2021.01.13 16:57:17 INFO  es[][o.e.c.r.a.AllocationService] Cluster health status changed from [YELLOW] to [GREEN] (reason: [shards started [[components][4]] ...]).
2021.01.13 16:57:17 INFO  es[][o.e.c.m.MetaDataMappingService] [components/YVsECGQDTwahdVQB0nqDMQ] create_mapping [auth]
2021.01.13 16:57:18 INFO  es[][o.e.c.m.MetaDataCreateIndexService] [projectmeasures] creating index, cause [api], templates [], shards [5]/[0], mappings []
2021.01.13 16:57:19 INFO  es[][o.e.c.r.a.AllocationService] Cluster health status changed from [YELLOW] to [GREEN] (reason: [shards started [[projectmeasures][4]] ...]).
2021.01.13 16:57:19 INFO  es[][o.e.c.m.MetaDataMappingService] [projectmeasures/fU5Nv-PTRkCZsxgHwOrxow] create_mapping [auth]
2021.01.13 16:57:20 INFO  es[][o.e.c.m.MetaDataCreateIndexService] [rules] creating index, cause [api], templates [], shards [2]/[0], mappings []
2021.01.13 16:57:21 INFO  es[][o.e.c.r.a.AllocationService] Cluster health status changed from [YELLOW] to [GREEN] (reason: [shards started [[rules][0]] ...]).
2021.01.13 16:57:21 INFO  es[][o.e.c.m.MetaDataMappingService] [rules/vIeU-PZURf-t2BTjI6E6ig] create_mapping [rule]
2021.01.13 16:57:22 INFO  es[][o.e.c.m.MetaDataCreateIndexService] [issues] creating index, cause [api], templates [], shards [5]/[0], mappings []
2021.01.13 16:57:23 INFO  es[][o.e.c.r.a.AllocationService] Cluster health status changed from [YELLOW] to [GREEN] (reason: [shards started [[issues][4]] ...]).
2021.01.13 16:57:23 INFO  es[][o.e.c.m.MetaDataMappingService] [issues/NaQkHFg5SMWEN4PBRJVsVg] create_mapping [auth]
2021.01.13 16:57:24 INFO  es[][o.e.c.m.MetaDataCreateIndexService] [users] creating index, cause [api], templates [], shards [1]/[0], mappings []
2021.01.13 16:57:24 INFO  es[][o.e.c.r.a.AllocationService] Cluster health status changed from [YELLOW] to [GREEN] (reason: [shards started [[users][0]] ...]).
2021.01.13 16:57:25 INFO  es[][o.e.c.m.MetaDataMappingService] [users/W3v_KMZMT5GhuUfm8yZyQw] create_mapping [user]
2021.01.13 16:57:25 INFO  es[][o.e.c.m.MetaDataCreateIndexService] [views] creating index, cause [api], templates [], shards [5]/[0], mappings []
2021.01.13 16:57:27 INFO  es[][o.e.c.r.a.AllocationService] Cluster health status changed from [YELLOW] to [GREEN] (reason: [shards started [[views][4]] ...]).
2021.01.13 16:57:27 INFO  es[][o.e.c.m.MetaDataMappingService] [views/jYq_xYiAQfaEBgrXy5sLxQ] create_mapping [view]
2021.01.13 16:57:29 INFO  es[][o.e.c.s.IndexScopedSettings] updating [index.refresh_interval] from [30s] to [-1]
2021.01.13 16:57:29 INFO  es[][o.e.c.s.IndexScopedSettings] updating [index.refresh_interval] from [30s] to [-1]
2021.01.13 16:57:30 INFO  es[][o.e.c.s.IndexScopedSettings] updating [index.refresh_interval] from [-1] to [30s]
2021.01.13 16:57:30 INFO  es[][o.e.c.s.IndexScopedSettings] updating [index.refresh_interval] from [-1] to [30s]
2021.01.13 16:57:30 INFO  es[][o.e.c.s.IndexScopedSettings] updating [index.refresh_interval] from [30s] to [-1]
2021.01.13 16:57:30 INFO  es[][o.e.c.s.IndexScopedSettings] updating [index.refresh_interval] from [30s] to [-1]
2021.01.13 16:57:30 INFO  es[][o.e.c.s.IndexScopedSettings] updating [index.refresh_interval] from [-1] to [30s]
2021.01.13 16:57:30 INFO  es[][o.e.c.s.IndexScopedSettings] updating [index.refresh_interval] from [-1] to [30s]
